<?xml version="1.0" encoding="UTF-8"?>
<!-- Generated by org.testng.reporters.JUnitXMLReporter -->
<testsuite ignored="0" hostname="QSP" failures="0" tests="5" name="Test" time="0.1" errors="0" timestamp="2021-04-03T11:50:57 IST">
  <testcase classname="demo123.Test2" name="demo" time="0.018"/>
  <testcase classname="demo123.Test1" name="demo" time="0.002"/>
  <testcase classname="demo123.Test0" name="demo" time="0.001"/>
  <testcase classname="demo123.Test4" name="demo" time="0.001"/>
  <testcase classname="demo123.Test3" name="demo" time="0.002"/>
</testsuite> <!-- Test -->
