<?xml version="1.0" encoding="UTF-8"?>
<!-- Generated by org.testng.reporters.JUnitXMLReporter -->
<testsuite ignored="0" hostname="QSP" failures="0" tests="4" name="Test" time="0.122" errors="0" timestamp="2021-04-19T18:57:36 IST">
  <testcase classname="demo123.Test2" name="demo" time="0.029"/>
  <testcase classname="demo123.Test1" name="demo" time="0.004"/>
  <testcase classname="demo123.Test4" name="demo" time="0.003"/>
  <testcase classname="demo123.Test3" name="demo" time="0.003"/>
</testsuite> <!-- Test -->
