<?xml version="1.0" encoding="UTF-8"?>
<testng-results ignored="0" total="3" passed="3" failed="0" skipped="0">
  <reporter-output>
    <line>
      <![CDATA[hello python]]>
    </line>
    <line>
      <![CDATA[hello selenium]]>
    </line>
    <line>
      <![CDATA[hello java]]>
    </line>
  </reporter-output>
  <suite started-at="2021-04-03T07:44:46 IST" name="Suite" finished-at="2021-04-03T07:44:47 IST" duration-ms="95">
    <groups>
    </groups>
    <test started-at="2021-04-03T07:44:46 IST" name="Test" finished-at="2021-04-03T07:44:47 IST" duration-ms="95">
      <class name="demo123.Test0">
        <test-method signature="demo()[pri:0, instance:demo123.Test0@5609159b]" started-at="2021-04-03T07:44:47 IST" name="demo" finished-at="2021-04-03T07:44:47 IST" duration-ms="3" status="PASS">
          <reporter-output>
            <line>
              <![CDATA[hello java]]>
            </line>
          </reporter-output>
        </test-method> <!-- demo -->
      </class> <!-- demo123.Test0 -->
      <class name="demo123.Test2">
        <test-method signature="demo()[pri:0, instance:demo123.Test2@21b2e768]" started-at="2021-04-03T07:44:47 IST" name="demo" finished-at="2021-04-03T07:44:47 IST" duration-ms="19" status="PASS">
          <reporter-output>
            <line>
              <![CDATA[hello python]]>
            </line>
          </reporter-output>
        </test-method> <!-- demo -->
      </class> <!-- demo123.Test2 -->
      <class name="demo123.Test1">
        <test-method signature="demo()[pri:0, instance:demo123.Test1@57250572]" started-at="2021-04-03T07:44:47 IST" name="demo" finished-at="2021-04-03T07:44:47 IST" duration-ms="3" status="PASS">
          <reporter-output>
            <line>
              <![CDATA[hello selenium]]>
            </line>
          </reporter-output>
        </test-method> <!-- demo -->
      </class> <!-- demo123.Test1 -->
    </test> <!-- Test -->
  </suite> <!-- Suite -->
</testng-results>
